<?xml version="1.0" encoding="UTF-8"?>
<testng-results ignored="0" total="1" passed="1" failed="0" skipped="0">
  <reporter-output>
  </reporter-output>
  <suite started-at="2024-01-13T14:51:10 IST" name="Default suite" finished-at="2024-01-13T14:52:06 IST" duration-ms="56161">
    <groups>
    </groups>
    <test started-at="2024-01-13T14:51:10 IST" name="Default test" finished-at="2024-01-13T14:52:06 IST" duration-ms="56161">
      <class name="TestLayer.SignUpPageTest">
        <test-method is-config="true" signature="setUp()[pri:0, instance:TestLayer.SignUpPageTest@6392827e]" started-at="2024-01-13T14:51:10 IST" name="setUp" finished-at="2024-01-13T14:51:29 IST" duration-ms="19134" status="PASS">
          <reporter-output>
          </reporter-output>
        </test-method> <!-- setUp -->
        <test-method signature="validateSignUpPage(java.lang.String,java.lang.String,java.lang.String,java.lang.String,java.lang.String,java.lang.String,java.lang.String)[pri:0, instance:TestLayer.SignUpPageTest@6392827e]" started-at="2024-01-13T14:51:35 IST" name="validateSignUpPage" data-provider="signupdata" finished-at="2024-01-13T14:52:01 IST" duration-ms="25554" status="PASS">
          <params>
            <param index="0">
              <value>
                <![CDATA[sonali]]>
              </value>
            </param>
            <param index="1">
              <value>
                <![CDATA[shinde]]>
              </value>
            </param>
            <param index="2">
              <value>
                <![CDATA[sonali@gmail.com]]>
              </value>
            </param>
            <param index="3">
              <value>
                <![CDATA[9623232759]]>
              </value>
            </param>
            <param index="4">
              <value>
                <![CDATA[India]]>
              </value>
            </param>
            <param index="5">
              <value>
                <![CDATA[Select]]>
              </value>
            </param>
            <param index="6">
              <value>
                <![CDATA[IT Manager]]>
              </value>
            </param>
          </params>
          <reporter-output>
          </reporter-output>
        </test-method> <!-- validateSignUpPage -->
        <test-method is-config="true" signature="tearDown()[pri:0, instance:TestLayer.SignUpPageTest@6392827e]" started-at="2024-01-13T14:52:01 IST" name="tearDown" finished-at="2024-01-13T14:52:06 IST" duration-ms="5496" status="PASS">
          <reporter-output>
          </reporter-output>
        </test-method> <!-- tearDown -->
      </class> <!-- TestLayer.SignUpPageTest -->
    </test> <!-- Default test -->
  </suite> <!-- Default suite -->
</testng-results>
